Starting configuration...
Refreshing org.springframework.context.annotation.AnnotationConfigApplicationContext@32a1bec0: startup date [Thu Oct 06 10:32:12 BRT 2016]; root of context hierarchy
Greeting, user!
Starting configuration...
Refreshing org.springframework.context.annotation.AnnotationConfigApplicationContext@c2e1f26: startup date [Thu Oct 06 10:32:31 BRT 2016]; root of context hierarchy
Greeting, user!
Refreshing org.springframework.context.annotation.AnnotationConfigApplicationContext@6f2b958e: startup date [Thu Oct 06 14:24:22 BRT 2016]; root of context hierarchy
Refreshing org.springframework.context.annotation.AnnotationConfigApplicationContext@6f2b958e: startup date [Thu Oct 06 14:27:09 BRT 2016]; root of context hierarchy
Refreshing org.springframework.context.annotation.AnnotationConfigApplicationContext@6f2b958e: startup date [Thu Oct 06 14:29:54 BRT 2016]; root of context hierarchy
Refreshing org.springframework.context.annotation.AnnotationConfigApplicationContext@6f2b958e: startup date [Thu Oct 06 14:30:07 BRT 2016]; root of context hierarchy
Refreshing org.springframework.context.annotation.AnnotationConfigApplicationContext@6f2b958e: startup date [Thu Oct 06 14:31:47 BRT 2016]; root of context hierarchy
Refreshing org.springframework.context.annotation.AnnotationConfigApplicationContext@475e586c: startup date [Thu Oct 06 14:31:47 BRT 2016]; root of context hierarchy
Refreshing org.springframework.context.annotation.AnnotationConfigApplicationContext@6f2b958e: startup date [Thu Oct 06 14:59:28 BRT 2016]; root of context hierarchy
Refreshing org.springframework.context.annotation.AnnotationConfigApplicationContext@6f2b958e: startup date [Thu Oct 06 15:02:01 BRT 2016]; root of context hierarchy
ssd
Refreshing org.springframework.context.annotation.AnnotationConfigApplicationContext@6f2b958e: startup date [Thu Oct 06 15:26:46 BRT 2016]; root of context hierarchy
JSR-330 'javax.inject.Inject' annotation found and supported for autowiring
ssd
Starting configuration ...
Refreshing org.springframework.context.annotation.AnnotationConfigApplicationContext@515f550a: startup date [Thu Oct 06 15:26:53 BRT 2016]; root of context hierarchy
JSR-330 'javax.inject.Inject' annotation found and supported for autowiring
Exception encountered during context initialization - cancelling refresh attempt: org.springframework.beans.factory.UnsatisfiedDependencyException: Error creating bean with name 'greetingServiceImpl' defined in file [/home/sasha/Idea2016/IdeaProjects/MavenSpringDependencyInjection/target/classes/hello/GreetingServiceImpl.class]: Unsatisfied dependency expressed through constructor parameter 0; nested exception is org.springframework.beans.factory.NoSuchBeanDefinitionException: No qualifying bean found for dependency [java.lang.String]: expected at least 1 bean which qualifies as autowire candidate. Dependency annotations: {}
Starting configuration ...
Refreshing org.springframework.context.annotation.AnnotationConfigApplicationContext@515f550a: startup date [Thu Oct 06 15:28:29 BRT 2016]; root of context hierarchy
JSR-330 'javax.inject.Inject' annotation found and supported for autowiring
Exception encountered during context initialization - cancelling refresh attempt: org.springframework.beans.factory.UnsatisfiedDependencyException: Error creating bean with name 'greetingServiceImpl' defined in file [/home/sasha/Idea2016/IdeaProjects/MavenSpringDependencyInjection/target/classes/hello/GreetingServiceImpl.class]: Unsatisfied dependency expressed through constructor parameter 0; nested exception is org.springframework.beans.factory.NoSuchBeanDefinitionException: No qualifying bean found for dependency [java.lang.String]: expected at least 1 bean which qualifies as autowire candidate. Dependency annotations: {}
Starting configuration ...
Refreshing org.springframework.context.annotation.AnnotationConfigApplicationContext@515f550a: startup date [Thu Oct 06 15:31:43 BRT 2016]; root of context hierarchy
JSR-330 'javax.inject.Inject' annotation found and supported for autowiring
Exception encountered during context initialization - cancelling refresh attempt: org.springframework.beans.factory.UnsatisfiedDependencyException: Error creating bean with name 'greetingServiceImpl' defined in file [/home/sasha/Idea2016/IdeaProjects/MavenSpringDependencyInjection/target/classes/hello/GreetingServiceImpl.class]: Unsatisfied dependency expressed through constructor parameter 0; nested exception is org.springframework.beans.factory.NoSuchBeanDefinitionException: No qualifying bean found for dependency [java.lang.String]: expected at least 1 bean which qualifies as autowire candidate. Dependency annotations: {}
Starting configuration ...
Refreshing org.springframework.context.annotation.AnnotationConfigApplicationContext@515f550a: startup date [Thu Oct 06 15:33:32 BRT 2016]; root of context hierarchy
JSR-330 'javax.inject.Inject' annotation found and supported for autowiring
Greeting, user!
Finish configuration ...
Starting runner configuration ...
Refreshing org.springframework.context.annotation.AnnotationConfigApplicationContext@8909f18: startup date [Thu Oct 06 15:33:32 BRT 2016]; root of context hierarchy
JSR-330 'javax.inject.Inject' annotation found and supported for autowiring
Greeting, user!
Finish configuration ...
Starting test configuration ...
Refreshing org.springframework.context.annotation.AnnotationConfigApplicationContext@402e37bc: startup date [Thu Oct 06 15:33:32 BRT 2016]; root of context hierarchy
JSR-330 'javax.inject.Inject' annotation found and supported for autowiring
Greeting, user!
Finish configuration ...
Starting configuration ...
Refreshing org.springframework.context.annotation.AnnotationConfigApplicationContext@515f550a: startup date [Thu Oct 06 15:39:38 BRT 2016]; root of context hierarchy
JSR-330 'javax.inject.Inject' annotation found and supported for autowiring
Greeting, user!
Finish configuration ...
Starting runner configuration ...
Refreshing org.springframework.context.annotation.AnnotationConfigApplicationContext@8909f18: startup date [Thu Oct 06 15:39:39 BRT 2016]; root of context hierarchy
JSR-330 'javax.inject.Inject' annotation found and supported for autowiring
Greeting, user!
Finish configuration ...
Starting test configuration ...
Refreshing org.springframework.context.annotation.AnnotationConfigApplicationContext@402e37bc: startup date [Thu Oct 06 15:39:39 BRT 2016]; root of context hierarchy
JSR-330 'javax.inject.Inject' annotation found and supported for autowiring
Greeting, user!
Finish configuration ...
Starting configuration ...
Refreshing org.springframework.context.annotation.AnnotationConfigApplicationContext@515f550a: startup date [Thu Oct 06 15:44:22 BRT 2016]; root of context hierarchy
JSR-330 'javax.inject.Inject' annotation found and supported for autowiring
Greeting, user!
Finish configuration ...
Starting runner configuration ...
Refreshing org.springframework.context.annotation.AnnotationConfigApplicationContext@3c72f59f: startup date [Thu Oct 06 15:44:22 BRT 2016]; root of context hierarchy
JSR-330 'javax.inject.Inject' annotation found and supported for autowiring
Greeting, user!
Finish configuration ...
Starting test configuration ...
Refreshing org.springframework.context.annotation.AnnotationConfigApplicationContext@77167fb7: startup date [Thu Oct 06 15:44:22 BRT 2016]; root of context hierarchy
JSR-330 'javax.inject.Inject' annotation found and supported for autowiring
Greeting, user!
Finish configuration ...
Starting configuration MessageSourse
Refreshing org.springframework.context.annotation.AnnotationConfigApplicationContext@163e4e87: startup date [Thu Oct 06 15:44:22 BRT 2016]; root of context hierarchy
JSR-330 'javax.inject.Inject' annotation found and supported for autowiring
Message: Alligators rock!
Argument.required: The Test_Argument argument is required.
Starting configuration ...
Refreshing org.springframework.context.annotation.AnnotationConfigApplicationContext@515f550a: startup date [Thu Oct 06 15:46:15 BRT 2016]; root of context hierarchy
JSR-330 'javax.inject.Inject' annotation found and supported for autowiring
Greeting, user!
Finish configuration ...
Starting runner configuration ...
Refreshing org.springframework.context.annotation.AnnotationConfigApplicationContext@3c72f59f: startup date [Thu Oct 06 15:46:16 BRT 2016]; root of context hierarchy
JSR-330 'javax.inject.Inject' annotation found and supported for autowiring
Greeting, user!
Finish configuration ...
Starting test configuration ...
Refreshing org.springframework.context.annotation.AnnotationConfigApplicationContext@77167fb7: startup date [Thu Oct 06 15:46:16 BRT 2016]; root of context hierarchy
JSR-330 'javax.inject.Inject' annotation found and supported for autowiring
Greeting, user!
Finish configuration ...
Starting configuration MessageSourse
Refreshing org.springframework.context.annotation.AnnotationConfigApplicationContext@163e4e87: startup date [Thu Oct 06 15:46:16 BRT 2016]; root of context hierarchy
JSR-330 'javax.inject.Inject' annotation found and supported for autowiring
ResourceBundle [messages] not found for MessageSource: Can't find bundle for base name messages, locale en_US
Starting configuration ...
Refreshing org.springframework.context.annotation.AnnotationConfigApplicationContext@515f550a: startup date [Thu Oct 06 15:46:46 BRT 2016]; root of context hierarchy
JSR-330 'javax.inject.Inject' annotation found and supported for autowiring
Greeting, user!
Finish configuration ...
Starting runner configuration ...
Refreshing org.springframework.context.annotation.AnnotationConfigApplicationContext@3c72f59f: startup date [Thu Oct 06 15:46:47 BRT 2016]; root of context hierarchy
JSR-330 'javax.inject.Inject' annotation found and supported for autowiring
Greeting, user!
Finish configuration ...
Starting test configuration ...
Refreshing org.springframework.context.annotation.AnnotationConfigApplicationContext@77167fb7: startup date [Thu Oct 06 15:46:47 BRT 2016]; root of context hierarchy
JSR-330 'javax.inject.Inject' annotation found and supported for autowiring
Greeting, user!
Finish configuration ...
Starting configuration MessageSourse
Refreshing org.springframework.context.annotation.AnnotationConfigApplicationContext@163e4e87: startup date [Thu Oct 06 15:46:47 BRT 2016]; root of context hierarchy
JSR-330 'javax.inject.Inject' annotation found and supported for autowiring
ResourceBundle [messages] not found for MessageSource: Can't find bundle for base name messages, locale en_US
Starting configuration ...
Refreshing org.springframework.context.annotation.AnnotationConfigApplicationContext@515f550a: startup date [Thu Oct 06 15:48:48 BRT 2016]; root of context hierarchy
JSR-330 'javax.inject.Inject' annotation found and supported for autowiring
Greeting, user!
Finish configuration ...
Starting runner configuration ...
Refreshing org.springframework.context.annotation.AnnotationConfigApplicationContext@3c72f59f: startup date [Thu Oct 06 15:48:48 BRT 2016]; root of context hierarchy
JSR-330 'javax.inject.Inject' annotation found and supported for autowiring
Greeting, user!
Finish configuration ...
Starting test configuration ...
Refreshing org.springframework.context.annotation.AnnotationConfigApplicationContext@77167fb7: startup date [Thu Oct 06 15:48:48 BRT 2016]; root of context hierarchy
JSR-330 'javax.inject.Inject' annotation found and supported for autowiring
Greeting, user!
Finish configuration ...
Starting configuration MessageSourse
Refreshing org.springframework.context.annotation.AnnotationConfigApplicationContext@163e4e87: startup date [Thu Oct 06 15:48:48 BRT 2016]; root of context hierarchy
JSR-330 'javax.inject.Inject' annotation found and supported for autowiring
Message: Alligators rock!
Argument.required: Ebagum lad, the Test_UK_Argument argument is required, I say, required.
